[debug] [2020-10-01T22:18:24.758Z] ----------------------------------------------------------------------
[debug] [2020-10-01T22:18:24.765Z] Command:       /usr/local/bin/firebase /Users/aayushi/.cache/firebase/tools/lib/node_modules/firebase-tools/lib/bin/firebase serve
[debug] [2020-10-01T22:18:24.766Z] CLI Version:   8.9.0
[debug] [2020-10-01T22:18:24.766Z] Platform:      darwin
[debug] [2020-10-01T22:18:24.766Z] Node Version:  v12.18.1
[debug] [2020-10-01T22:18:24.782Z] Time:          Fri Oct 02 2020 03:48:24 GMT+0530 (India Standard Time)
[debug] [2020-10-01T22:18:24.783Z] ----------------------------------------------------------------------
[debug] [2020-10-01T22:18:24.784Z] 
[debug] [2020-10-01T22:18:24.812Z] > command requires scopes: ["email","openid","https://www.googleapis.com/auth/cloudplatformprojects.readonly","https://www.googleapis.com/auth/firebase","https://www.googleapis.com/auth/cloud-platform"]
[debug] [2020-10-01T22:18:24.814Z] > authorizing via signed-in user
[debug] [2020-10-01T22:18:24.814Z] [iam] checking project superschool-32148 for permissions ["firebase.projects.get"]
[debug] [2020-10-01T22:18:24.827Z] >>> HTTP REQUEST POST https://cloudresourcemanager.googleapis.com/v1/projects/superschool-32148:testIamPermissions  
 {"permissions":["firebase.projects.get"]}
[debug] [2020-10-01T22:18:26.440Z] <<< HTTP RESPONSE 200 {"content-type":"application/json; charset=UTF-8","vary":"X-Origin, Referer, Origin,Accept-Encoding","date":"Thu, 01 Oct 2020 22:18:26 GMT","server":"ESF","cache-control":"private","x-xss-protection":"0","x-frame-options":"SAMEORIGIN","x-content-type-options":"nosniff","server-timing":"gfet4t7; dur=1425","alt-svc":"h3-Q050=\":443\"; ma=2592000,h3-29=\":443\"; ma=2592000,h3-27=\":443\"; ma=2592000,h3-T051=\":443\"; ma=2592000,h3-T050=\":443\"; ma=2592000,h3-Q046=\":443\"; ma=2592000,h3-Q043=\":443\"; ma=2592000,quic=\":443\"; ma=2592000; v=\"46,43\"","accept-ranges":"none","transfer-encoding":"chunked"}
[debug] [2020-10-01T22:18:26.442Z] >>> HTTP REQUEST GET https://firebase.googleapis.com/v1beta1/projects/superschool-32148  
 
[debug] [2020-10-01T22:18:26.863Z] <<< HTTP RESPONSE 200 {"content-type":"application/json; charset=UTF-8","vary":"X-Origin, Referer, Origin,Accept-Encoding","date":"Thu, 01 Oct 2020 22:18:26 GMT","server":"ESF","cache-control":"private","x-xss-protection":"0","x-frame-options":"SAMEORIGIN","x-content-type-options":"nosniff","alt-svc":"h3-Q050=\":443\"; ma=2592000,h3-29=\":443\"; ma=2592000,h3-27=\":443\"; ma=2592000,h3-T051=\":443\"; ma=2592000,h3-T050=\":443\"; ma=2592000,h3-Q046=\":443\"; ma=2592000,h3-Q043=\":443\"; ma=2592000,quic=\":443\"; ma=2592000; v=\"46,43\"","accept-ranges":"none","transfer-encoding":"chunked"}
[info] 
[info] === Serving from '/Users/aayushi/super_school'...
[info] 
[debug] [2020-10-01T22:18:26.868Z] >>> HTTP REQUEST GET https://firebase.googleapis.com/v1beta1/projects/superschool-32148/webApps/-/config  
 
[debug] [2020-10-01T22:18:28.636Z] <<< HTTP RESPONSE 200 {"content-type":"application/json; charset=UTF-8","vary":"X-Origin, Referer, Origin,Accept-Encoding","date":"Thu, 01 Oct 2020 22:18:28 GMT","server":"ESF","cache-control":"private","x-xss-protection":"0","x-frame-options":"SAMEORIGIN","x-content-type-options":"nosniff","alt-svc":"h3-Q050=\":443\"; ma=2592000,h3-29=\":443\"; ma=2592000,h3-27=\":443\"; ma=2592000,h3-T051=\":443\"; ma=2592000,h3-T050=\":443\"; ma=2592000,h3-Q046=\":443\"; ma=2592000,h3-Q043=\":443\"; ma=2592000,quic=\":443\"; ma=2592000; v=\"46,43\"","accept-ranges":"none","transfer-encoding":"chunked"}
[info] i  hosting: Serving hosting files from: public {"metadata":{"emulator":{"name":"hosting"},"message":"Serving hosting files from: \u001b[1mpublic\u001b[22m"}}
[info] ✔  hosting: Local server: http://localhost:5000 {"metadata":{"emulator":{"name":"hosting"},"message":"Local server: \u001b[4m\u001b[1mhttp://localhost:5000\u001b[22m\u001b[24m"}}
